<?xml version="1.0" encoding="UTF-8"?>
<!-- Generated by org.testng.reporters.JUnitReportReporter -->
<testsuite hostname="Ludmilas-MacBook-Pro.local" name="com.test.automation.uiAutomation.homePage.TC002_AddProductToCard" tests="1" failures="0" timestamp="22 Feb 2018 22:37:54 GMT" time="13.019" errors="0">
  <testcase name="verifyAddProductToCard" time="13.019" classname="com.test.automation.uiAutomation.homePage.TC002_AddProductToCard"/>
</testsuite> <!-- com.test.automation.uiAutomation.homePage.TC002_AddProductToCard -->
