<?xml version="1.0" encoding="UTF-8"?>
<!-- Generated by org.testng.reporters.JUnitReportReporter -->
<testsuite hostname="Ludmilas-MacBook-Pro.local" name="com.test.automation.uiAutomation.homePage.TC002_AddProductToCard" tests="1" failures="0" timestamp="3 May 2018 21:36:49 GMT" time="16.449" errors="0">
  <testcase name="verifyAddProductToCard" time="16.449" classname="com.test.automation.uiAutomation.homePage.TC002_AddProductToCard"/>
</testsuite> <!-- com.test.automation.uiAutomation.homePage.TC002_AddProductToCard -->
