<?xml version="1.0" encoding="UTF-8"?>
<!-- Generated by org.testng.reporters.JUnitReportReporter -->
<testsuite hostname="Ludmilas-MacBook-Pro.local" name="com.test.automation.uiAutomation.homePage.TC002_AddProductToCard" tests="1" failures="0" timestamp="24 Feb 2018 12:15:41 GMT" time="22.942" errors="0">
  <testcase name="verifyAddProductToCard" time="22.942" classname="com.test.automation.uiAutomation.homePage.TC002_AddProductToCard"/>
</testsuite> <!-- com.test.automation.uiAutomation.homePage.TC002_AddProductToCard -->
