<?xml version="1.0" encoding="UTF-8"?>
<!-- Generated by org.testng.reporters.JUnitReportReporter -->
<testsuite hostname="Ludmilas-MacBook-Pro.local" name="com.test.automation.uiAutomation.homePage.TC001_VerifyLoginWithInvalidCredentials" tests="1" failures="0" timestamp="22 Feb 2018 08:59:50 GMT" time="4.588" errors="0">
  <testcase name="verifyLoginWithInvalidCredentials" time="4.588" classname="com.test.automation.uiAutomation.homePage.TC001_VerifyLoginWithInvalidCredentials"/>
</testsuite> <!-- com.test.automation.uiAutomation.homePage.TC001_VerifyLoginWithInvalidCredentials -->
