<?xml version="1.0" encoding="UTF-8"?>
<!-- Generated by org.testng.reporters.JUnitReportReporter -->
<testsuite hostname="Ludmilas-MacBook-Pro.local" name="com.test.automation.uiAutomation.homePage.TC001_VerifyLoginWithValidCredentials" tests="1" failures="0" timestamp="22 Feb 2018 22:07:50 GMT" time="11.711" errors="0">
  <testcase name="verifyLoginWithInvalidCredentials" time="11.711" classname="com.test.automation.uiAutomation.homePage.TC001_VerifyLoginWithValidCredentials"/>
</testsuite> <!-- com.test.automation.uiAutomation.homePage.TC001_VerifyLoginWithValidCredentials -->
