<?xml version="1.0" encoding="UTF-8"?>
<!-- Generated by org.testng.reporters.JUnitReportReporter -->
<testsuite hostname="Ludmilas-MacBook-Pro.local" name="com.test.automation.uiAutomation.homePage.TC001_VerifyLoginWithValidCredentials" tests="1" failures="0" timestamp="24 Feb 2018 12:15:36 GMT" time="12.421" errors="0">
  <testcase name="verifyLoginWithInvalidCredentials" time="12.421" classname="com.test.automation.uiAutomation.homePage.TC001_VerifyLoginWithValidCredentials"/>
</testsuite> <!-- com.test.automation.uiAutomation.homePage.TC001_VerifyLoginWithValidCredentials -->
